<?xml version="1.0" encoding="utf-8"?><testsuites><testsuite name="pytest" errors="0" failures="0" skipped="0" tests="0" time="0.076" timestamp="2022-07-19T00:04:56.348994" hostname="JRMAIN" /></testsuites>